#
# There is insufficient memory for the Java Runtime Environment to continue.
# Native memory allocation (malloc) failed to allocate 1596976 bytes for Chunk::new
# Possible reasons:
#   The system is out of physical RAM or swap space
#   The process is running with CompressedOops enabled, and the Java Heap may be blocking the growth of the native heap
# Possible solutions:
#   Reduce memory load on the system
#   Increase physical memory or swap space
#   Check if swap backing store is full
#   Decrease Java heap size (-Xmx/-Xms)
#   Decrease number of Java threads
#   Decrease Java thread stack sizes (-Xss)
#   Set larger code cache with -XX:ReservedCodeCacheSize=
#   JVM is running with Unscaled Compressed Oops mode in which the Java heap is
#     placed in the first 4GB address space. The Java Heap base address is the
#     maximum limit for the native heap growth. Please use -XX:HeapBaseMinAddress
#     to set the Java Heap base and to place the Java Heap above 4GB virtual address.
# This output file may be truncated or incomplete.
#
#  Out of Memory Error (allocation.cpp:389), pid=5184, tid=0x0000000000003b74
#
# JRE version: Java(TM) SE Runtime Environment (8.0_321-b07) (build 1.8.0_321-b07)
# Java VM: Java HotSpot(TM) 64-Bit Server VM (25.321-b07 mixed mode windows-amd64 compressed oops)
# Failed to write core dump. Minidumps are not enabled by default on client versions of Windows
#

---------------  T H R E A D  ---------------

Current thread (0x00000182a1e67800):  JavaThread "C2 CompilerThread1" daemon [_thread_in_native, id=15220, stack(0x0000007bb3100000,0x0000007bb3200000)]

Stack: [0x0000007bb3100000,0x0000007bb3200000]
Native frames: (J=compiled Java code, j=interpreted, Vv=VM code, C=native code)
V  [jvm.dll+0x32fc49]
V  [jvm.dll+0x2761a2]
V  [jvm.dll+0x276e4d]
V  [jvm.dll+0x26d7f5]
V  [jvm.dll+0xd5a0c]
V  [jvm.dll+0xd620c]
V  [jvm.dll+0x4716a3]
V  [jvm.dll+0x438d60]
V  [jvm.dll+0x441d65]
V  [jvm.dll+0x441125]
V  [jvm.dll+0x42becb]
V  [jvm.dll+0xac68b]
V  [jvm.dll+0xaaceb]
V  [jvm.dll+0x23e6f2]
V  [jvm.dll+0x292edc]
C  [ucrtbase.dll+0x21bb2]
C  [KERNEL32.DLL+0x17034]
C  [ntdll.dll+0x52651]


Current CompileTask:
C2:  53408 8219       4       org.eclipse.sisu.inject.LocatedBeans$Itr::hasNext (161 bytes)


---------------  P R O C E S S  ---------------

Java Threads: ( => current thread )
  0x00000182aa129000 JavaThread "DestroyJavaVM" [_thread_blocked, id=15696, stack(0x0000007bb2500000,0x0000007bb2600000)]
  0x00000182aa12a000 JavaThread "http-nio-8081-AsyncTimeout" daemon [_thread_blocked, id=8968, stack(0x0000007bb4a00000,0x0000007bb4b00000)]
  0x00000182aa12c000 JavaThread "http-nio-8081-Acceptor-0" daemon [_thread_in_native, id=15880, stack(0x0000007bb4900000,0x0000007bb4a00000)]
  0x00000182a7b34000 JavaThread "http-nio-8081-ClientPoller-1" daemon [_thread_in_native, id=13640, stack(0x0000007bb4800000,0x0000007bb4900000)]
  0x00000182a7b33000 JavaThread "http-nio-8081-ClientPoller-0" daemon [_thread_in_native, id=17684, stack(0x0000007bb4700000,0x0000007bb4800000)]
  0x00000182a7b39000 JavaThread "http-nio-8081-exec-10" daemon [_thread_blocked, id=16440, stack(0x0000007bb4600000,0x0000007bb4700000)]
  0x00000182a7b38800 JavaThread "http-nio-8081-exec-9" daemon [_thread_blocked, id=17424, stack(0x0000007bb4500000,0x0000007bb4600000)]
  0x00000182a7b37000 JavaThread "http-nio-8081-exec-8" daemon [_thread_blocked, id=15200, stack(0x0000007bb4400000,0x0000007bb4500000)]
  0x00000182a7b34800 JavaThread "http-nio-8081-exec-7" daemon [_thread_blocked, id=13732, stack(0x0000007bb4300000,0x0000007bb4400000)]
  0x00000182a7b37800 JavaThread "http-nio-8081-exec-6" daemon [_thread_blocked, id=3440, stack(0x0000007bb4200000,0x0000007bb4300000)]
  0x00000182a7b35800 JavaThread "http-nio-8081-exec-5" daemon [_thread_blocked, id=17920, stack(0x0000007bb4100000,0x0000007bb4200000)]
  0x00000182a7b3a000 JavaThread "http-nio-8081-exec-4" daemon [_thread_blocked, id=16752, stack(0x0000007bb4000000,0x0000007bb4100000)]
  0x00000182a7b36000 JavaThread "http-nio-8081-exec-3" daemon [_thread_blocked, id=17300, stack(0x0000007bb3f00000,0x0000007bb4000000)]
  0x00000182a79d4800 JavaThread "http-nio-8081-exec-2" daemon [_thread_blocked, id=12656, stack(0x0000007bb3e00000,0x0000007bb3f00000)]
  0x00000182a79d3000 JavaThread "http-nio-8081-exec-1" daemon [_thread_blocked, id=9168, stack(0x0000007bb3d00000,0x0000007bb3e00000)]
  0x00000182a79d2800 JavaThread "NioBlockingSelector.BlockPoller-1" daemon [_thread_in_native, id=13064, stack(0x0000007bb3c00000,0x0000007bb3d00000)]
  0x00000182a79d7800 JavaThread "MessageBroker-1" [_thread_blocked, id=4884, stack(0x0000007bb3600000,0x0000007bb3700000)]
  0x00000182a79d1800 JavaThread "Timer-0" daemon [_thread_blocked, id=13412, stack(0x0000007bb3500000,0x0000007bb3600000)]
  0x00000182a79d4000 JavaThread "HikariPool-1 housekeeper" daemon [_thread_blocked, id=6568, stack(0x0000007bb3b00000,0x0000007bb3c00000)]
  0x00000182a79d7000 JavaThread "PostgreSQL-JDBC-SharedTimer-1" daemon [_thread_blocked, id=2652, stack(0x0000007bb3a00000,0x0000007bb3b00000)]
  0x00000182a79d5800 JavaThread "container-0" [_thread_blocked, id=11060, stack(0x0000007bb3800000,0x0000007bb3900000)]
  0x00000182a79d6000 JavaThread "ContainerBackgroundProcessor[StandardEngine[Tomcat]]" daemon [_thread_blocked, id=16764, stack(0x0000007bb3700000,0x0000007bb3800000)]
  0x00000182a1e9d000 JavaThread "Service Thread" daemon [_thread_blocked, id=19240, stack(0x0000007bb3300000,0x0000007bb3400000)]
  0x00000182a1e68800 JavaThread "C1 CompilerThread2" daemon [_thread_blocked, id=18292, stack(0x0000007bb3200000,0x0000007bb3300000)]
=>0x00000182a1e67800 JavaThread "C2 CompilerThread1" daemon [_thread_in_native, id=15220, stack(0x0000007bb3100000,0x0000007bb3200000)]
  0x00000182a1e09800 JavaThread "C2 CompilerThread0" daemon [_thread_blocked, id=17204, stack(0x0000007bb3000000,0x0000007bb3100000)]
  0x00000182a1e06000 JavaThread "Attach Listener" daemon [_thread_blocked, id=6824, stack(0x0000007bb2f00000,0x0000007bb3000000)]
  0x00000182a1e05000 JavaThread "Signal Dispatcher" daemon [_thread_blocked, id=16428, stack(0x0000007bb2e00000,0x0000007bb2f00000)]
  0x00000182a1de6000 JavaThread "Finalizer" daemon [_thread_blocked, id=18768, stack(0x0000007bb2c00000,0x0000007bb2d00000)]
  0x00000182a1dbd800 JavaThread "Reference Handler" daemon [_thread_blocked, id=2964, stack(0x0000007bb2b00000,0x0000007bb2c00000)]

Other Threads:
  0x00000182a1db2000 VMThread [stack: 0x0000007bb2a00000,0x0000007bb2b00000] [id=14080]
  0x00000182a1ea0000 WatcherThread [stack: 0x0000007bb3400000,0x0000007bb3500000] [id=17648]

VM state:not at safepoint (normal execution)

VM Mutex/Monitor currently owned by a thread: None

heap address: 0x0000000081400000, size: 2028 MB, Compressed Oops mode: 32-bit
Narrow klass base: 0x0000000000000000, Narrow klass shift: 3
Compressed class space size: 1073741824 Address: 0x0000000100000000

Heap:
 PSYoungGen      total 284672K, used 32291K [0x00000000d5c00000, 0x00000000eb900000, 0x0000000100000000)
  eden space 265728K, 6% used [0x00000000d5c00000,0x00000000d6c32260,0x00000000e5f80000)
  from space 18944K, 82% used [0x00000000e5f80000,0x00000000e6ed6b78,0x00000000e7200000)
  to   space 19968K, 0% used [0x00000000ea580000,0x00000000ea580000,0x00000000eb900000)
 ParOldGen       total 126976K, used 31685K [0x0000000081400000, 0x0000000089000000, 0x00000000d5c00000)
  object space 126976K, 24% used [0x0000000081400000,0x00000000832f14c0,0x0000000089000000)
 Metaspace       used 73637K, capacity 76216K, committed 76288K, reserved 1116160K
  class space    used 9910K, capacity 10463K, committed 10496K, reserved 1048576K

Card table byte_map: [0x000001829c9c0000,0x000001829cdc0000] byte_map_base: 0x000001829c5b6000

Marking Bits: (ParMarkBitMap*) 0x0000000050b29030
 Begin Bits: [0x000001829d070000, 0x000001829f020000)
 End Bits:   [0x000001829f020000, 0x00000182a0fd0000)

Polling page: 0x000001828d5d0000

CodeCache: size=245760Kb used=23743Kb max_used=23753Kb free=222016Kb
 bounds [0x000001828d600000, 0x000001828ed80000, 0x000001829c600000]
 total_blobs=7483 nmethods=6931 adapters=461
 compilation: enabled

Compilation events (10 events):
Event: 53.079 Thread 0x00000182a1e09800 8228   !   4       com.google.inject.internal.ProvisionListenerStackCallback::provision (117 bytes)
Event: 53.082 Thread 0x00000182a1e09800 nmethod 8228 0x000001828e1255d0 code [0x000001828e125720, 0x000001828e125928]
Event: 53.116 Thread 0x00000182a1e68800 8241       3       java.io.File::canRead (34 bytes)
Event: 53.116 Thread 0x00000182a1e09800 8243       4       sun.nio.cs.ISO_8859_1$Encoder::encodeLoop (28 bytes)
Event: 53.117 Thread 0x00000182a1e68800 nmethod 8241 0x000001828e125f50 code [0x000001828e126140, 0x000001828e1268f0]
Event: 53.120 Thread 0x00000182a1e09800 nmethod 8243 0x000001828e244690 code [0x000001828e2447e0, 0x000001828e244908]
Event: 53.222 Thread 0x00000182a1e68800 8244       3       java.util.concurrent.ConcurrentHashMap$KeySetView::iterator (34 bytes)
Event: 53.223 Thread 0x00000182a1e68800 nmethod 8244 0x000001828e243e50 code [0x000001828e243fe0, 0x000001828e244400]
Event: 53.223 Thread 0x00000182a1e68800 8245       3       java.util.concurrent.ConcurrentHashMap$KeyIterator::<init> (12 bytes)
Event: 53.223 Thread 0x00000182a1e68800 nmethod 8245 0x000001828e245a10 code [0x000001828e245b80, 0x000001828e245e60]

GC Heap History (10 events):
Event: 18.525 GC heap before
{Heap before GC invocations=12 (full 2):
 PSYoungGen      total 187904K, used 186970K [0x00000000d5c00000, 0x00000000e4e80000, 0x0000000100000000)
  eden space 174592K, 100% used [0x00000000d5c00000,0x00000000e0680000,0x00000000e0680000)
  from space 13312K, 92% used [0x00000000e0680000,0x00000000e1296a00,0x00000000e1380000)
  to   space 14336K, 0% used [0x00000000e4080000,0x00000000e4080000,0x00000000e4e80000)
 ParOldGen       total 93184K, used 21170K [0x0000000081400000, 0x0000000086f00000, 0x00000000d5c00000)
  object space 93184K, 22% used [0x0000000081400000,0x00000000828ac820,0x0000000086f00000)
 Metaspace       used 52437K, capacity 54574K, committed 54784K, reserved 1097728K
  class space    used 6993K, capacity 7380K, committed 7424K, reserved 1048576K
Event: 18.552 GC heap after
Heap after GC invocations=12 (full 2):
 PSYoungGen      total 228864K, used 13803K [0x00000000d5c00000, 0x00000000e4e00000, 0x0000000100000000)
  eden space 215040K, 0% used [0x00000000d5c00000,0x00000000d5c00000,0x00000000e2e00000)
  from space 13824K, 99% used [0x00000000e4080000,0x00000000e4dfac28,0x00000000e4e00000)
  to   space 15872K, 0% used [0x00000000e2f00000,0x00000000e2f00000,0x00000000e3e80000)
 ParOldGen       total 93184K, used 21178K [0x0000000081400000, 0x0000000086f00000, 0x00000000d5c00000)
  object space 93184K, 22% used [0x0000000081400000,0x00000000828ae820,0x0000000086f00000)
 Metaspace       used 52437K, capacity 54574K, committed 54784K, reserved 1097728K
  class space    used 6993K, capacity 7380K, committed 7424K, reserved 1048576K
}
Event: 19.644 GC heap before
{Heap before GC invocations=13 (full 2):
 PSYoungGen      total 228864K, used 75754K [0x00000000d5c00000, 0x00000000e4e00000, 0x0000000100000000)
  eden space 215040K, 28% used [0x00000000d5c00000,0x00000000d987fd48,0x00000000e2e00000)
  from space 13824K, 99% used [0x00000000e4080000,0x00000000e4dfac28,0x00000000e4e00000)
  to   space 15872K, 0% used [0x00000000e2f00000,0x00000000e2f00000,0x00000000e3e80000)
 ParOldGen       total 93184K, used 21178K [0x0000000081400000, 0x0000000086f00000, 0x00000000d5c00000)
  object space 93184K, 22% used [0x0000000081400000,0x00000000828ae820,0x0000000086f00000)
 Metaspace       used 56956K, capacity 59120K, committed 59160K, reserved 1099776K
  class space    used 7644K, capacity 8049K, committed 8064K, reserved 1048576K
Event: 19.668 GC heap after
Heap after GC invocations=13 (full 2):
 PSYoungGen      total 231936K, used 13145K [0x00000000d5c00000, 0x00000000e8480000, 0x0000000100000000)
  eden space 216064K, 0% used [0x00000000d5c00000,0x00000000d5c00000,0x00000000e2f00000)
  from space 15872K, 82% used [0x00000000e2f00000,0x00000000e3bd67c0,0x00000000e3e80000)
  to   space 16896K, 0% used [0x00000000e7400000,0x00000000e7400000,0x00000000e8480000)
 ParOldGen       total 93184K, used 21186K [0x0000000081400000, 0x0000000086f00000, 0x00000000d5c00000)
  object space 93184K, 22% used [0x0000000081400000,0x00000000828b0820,0x0000000086f00000)
 Metaspace       used 56956K, capacity 59120K, committed 59160K, reserved 1099776K
  class space    used 7644K, capacity 8049K, committed 8064K, reserved 1048576K
}
Event: 19.668 GC heap before
{Heap before GC invocations=14 (full 3):
 PSYoungGen      total 231936K, used 13145K [0x00000000d5c00000, 0x00000000e8480000, 0x0000000100000000)
  eden space 216064K, 0% used [0x00000000d5c00000,0x00000000d5c00000,0x00000000e2f00000)
  from space 15872K, 82% used [0x00000000e2f00000,0x00000000e3bd67c0,0x00000000e3e80000)
  to   space 16896K, 0% used [0x00000000e7400000,0x00000000e7400000,0x00000000e8480000)
 ParOldGen       total 93184K, used 21186K [0x0000000081400000, 0x0000000086f00000, 0x00000000d5c00000)
  object space 93184K, 22% used [0x0000000081400000,0x00000000828b0820,0x0000000086f00000)
 Metaspace       used 56956K, capacity 59120K, committed 59160K, reserved 1099776K
  class space    used 7644K, capacity 8049K, committed 8064K, reserved 1048576K
Event: 19.982 GC heap after
Heap after GC invocations=14 (full 3):
 PSYoungGen      total 231936K, used 0K [0x00000000d5c00000, 0x00000000e8480000, 0x0000000100000000)
  eden space 216064K, 0% used [0x00000000d5c00000,0x00000000d5c00000,0x00000000e2f00000)
  from space 15872K, 0% used [0x00000000e2f00000,0x00000000e2f00000,0x00000000e3e80000)
  to   space 16896K, 0% used [0x00000000e7400000,0x00000000e7400000,0x00000000e8480000)
 ParOldGen       total 126976K, used 31153K [0x0000000081400000, 0x0000000089000000, 0x00000000d5c00000)
  object space 126976K, 24% used [0x0000000081400000,0x000000008326c740,0x0000000089000000)
 Metaspace       used 56956K, capacity 59120K, committed 59160K, reserved 1099776K
  class space    used 7644K, capacity 8049K, committed 8064K, reserved 1048576K
}
Event: 24.608 GC heap before
{Heap before GC invocations=15 (full 3):
 PSYoungGen      total 231936K, used 216064K [0x00000000d5c00000, 0x00000000e8480000, 0x0000000100000000)
  eden space 216064K, 100% used [0x00000000d5c00000,0x00000000e2f00000,0x00000000e2f00000)
  from space 15872K, 0% used [0x00000000e2f00000,0x00000000e2f00000,0x00000000e3e80000)
  to   space 16896K, 0% used [0x00000000e7400000,0x00000000e7400000,0x00000000e8480000)
 ParOldGen       total 126976K, used 31153K [0x0000000081400000, 0x0000000089000000, 0x00000000d5c00000)
  object space 126976K, 24% used [0x0000000081400000,0x000000008326c740,0x0000000089000000)
 Metaspace       used 68358K, capacity 70774K, committed 70912K, reserved 1110016K
  class space    used 9154K, capacity 9622K, committed 9728K, reserved 1048576K
Event: 24.653 GC heap after
Heap after GC invocations=15 (full 3):
 PSYoungGen      total 282624K, used 16885K [0x00000000d5c00000, 0x00000000e8480000, 0x0000000100000000)
  eden space 265728K, 0% used [0x00000000d5c00000,0x00000000d5c00000,0x00000000e5f80000)
  from space 16896K, 99% used [0x00000000e7400000,0x00000000e847d6b8,0x00000000e8480000)
  to   space 18944K, 0% used [0x00000000e5f80000,0x00000000e5f80000,0x00000000e7200000)
 ParOldGen       total 126976K, used 31677K [0x0000000081400000, 0x0000000089000000, 0x00000000d5c00000)
  object space 126976K, 24% used [0x0000000081400000,0x00000000832ef4c0,0x0000000089000000)
 Metaspace       used 68358K, capacity 70774K, committed 70912K, reserved 1110016K
  class space    used 9154K, capacity 9622K, committed 9728K, reserved 1048576K
}
Event: 52.766 GC heap before
{Heap before GC invocations=16 (full 3):
 PSYoungGen      total 282624K, used 282613K [0x00000000d5c00000, 0x00000000e8480000, 0x0000000100000000)
  eden space 265728K, 100% used [0x00000000d5c00000,0x00000000e5f80000,0x00000000e5f80000)
  from space 16896K, 99% used [0x00000000e7400000,0x00000000e847d6b8,0x00000000e8480000)
  to   space 18944K, 0% used [0x00000000e5f80000,0x00000000e5f80000,0x00000000e7200000)
 ParOldGen       total 126976K, used 31677K [0x0000000081400000, 0x0000000089000000, 0x00000000d5c00000)
  object space 126976K, 24% used [0x0000000081400000,0x00000000832ef4c0,0x0000000089000000)
 Metaspace       used 73593K, capacity 76164K, committed 76288K, reserved 1116160K
  class space    used 9893K, capacity 10423K, committed 10496K, reserved 1048576K
Event: 52.818 GC heap after
Heap after GC invocations=16 (full 3):
 PSYoungGen      total 284672K, used 15706K [0x00000000d5c00000, 0x00000000eb900000, 0x0000000100000000)
  eden space 265728K, 0% used [0x00000000d5c00000,0x00000000d5c00000,0x00000000e5f80000)
  from space 18944K, 82% used [0x00000000e5f80000,0x00000000e6ed6b78,0x00000000e7200000)
  to   space 19968K, 0% used [0x00000000ea580000,0x00000000ea580000,0x00000000eb900000)
 ParOldGen       total 126976K, used 31685K [0x0000000081400000, 0x0000000089000000, 0x00000000d5c00000)
  object space 126976K, 24% used [0x0000000081400000,0x00000000832f14c0,0x0000000089000000)
 Metaspace       used 73593K, capacity 76164K, committed 76288K, reserved 1116160K
  class space    used 9893K, capacity 10423K, committed 10496K, reserved 1048576K
}

Deoptimization events (10 events):
Event: 25.958 Thread 0x000001828bd08800 Uncommon trap: reason=null_check action=make_not_entrant pc=0x000001828d81b2d8 method=java.lang.ThreadLocal$ThreadLocalMap.getEntryAfterMiss(Ljava/lang/ThreadLocal;ILjava/lang/ThreadLocal$ThreadLocalMap$Entry;)Ljava/lang/ThreadLocal$ThreadLocalMap$Entry; 
Event: 27.430 Thread 0x000001828bd08800 Uncommon trap: reason=unstable_if action=reinterpret pc=0x000001828e2954fc method=java.lang.Class$MethodArray.addIfNotPresent(Ljava/lang/reflect/Method;)V @ 19
Event: 27.500 Thread 0x000001828bd08800 Uncommon trap: reason=unstable_if action=reinterpret pc=0x000001828df33fd4 method=org.springframework.util.ConcurrentReferenceHashMap$Segment.clear()V @ 4
Event: 32.922 Thread 0x00000182a79d1800 Uncommon trap: reason=null_check action=make_not_entrant pc=0x000001828eaed738 method=org.eclipse.sisu.bean.BeanScheduler.getPendingHolder()[Ljava/lang/Object; @ 6
Event: 33.079 Thread 0x00000182a79d1800 Uncommon trap: reason=unstable_if action=reinterpret pc=0x000001828e2b1fdc method=sun.nio.cs.StreamDecoder.implRead([CII)I @ 36
Event: 33.675 Thread 0x00000182a79d1800 Uncommon trap: reason=unstable_if action=reinterpret pc=0x000001828d7b8dac method=sun.security.provider.SHA2.implDigest([BI)V @ 21
Event: 34.728 Thread 0x00000182a79d1800 Uncommon trap: reason=bimorphic action=maybe_recompile pc=0x000001828e8d3d8c method=java.io.InputStream.read([B)I @ 5
Event: 34.728 Thread 0x00000182a79d1800 Uncommon trap: reason=bimorphic action=maybe_recompile pc=0x000001828e8d3d8c method=java.io.InputStream.read([B)I @ 5
Event: 43.285 Thread 0x00000182a79d1800 Uncommon trap: reason=bimorphic action=maybe_recompile pc=0x000001828e8d3d8c method=java.io.InputStream.read([B)I @ 5
Event: 43.285 Thread 0x00000182a79d1800 Uncommon trap: reason=bimorphic action=maybe_recompile pc=0x000001828e8d3d8c method=java.io.InputStream.read([B)I @ 5

Classes redefined (0 events):
No events

Internal exceptions (10 events):
Event: 27.382 Thread 0x000001828bd08800 Exception <a 'java/lang/ClassNotFoundException': org/springframework/boot/autoconfigure/web/embedded/EmbeddedWebServerFactoryCustomizerAutoConfiguration$$EnhancerBySpringCGLIB$$2f65e061Customizer> (0x00000000e0c4a998) thrown at [C:\jenkins\workspace\8-2-b
Event: 27.383 Thread 0x000001828bd08800 Exception <a 'java/lang/ClassNotFoundException': org/springframework/context/annotation/ConfigurationClassEnhancer$EnhancedConfigurationCustomizer> (0x00000000e0c88f68) thrown at [C:\jenkins\workspace\8-2-build-windows-amd64-cygwin\jdk8u321\2141\hotspot\s
Event: 27.386 Thread 0x000001828bd08800 Exception <a 'java/lang/ClassNotFoundException': java/lang/ObjectCustomizer> (0x00000000e0cadc68) thrown at [C:\jenkins\workspace\8-2-build-windows-amd64-cygwin\jdk8u321\2141\hotspot\src\share\vm\classfile\systemDictionary.cpp, line 212]
Event: 27.387 Thread 0x000001828bd08800 Exception <a 'java/lang/ClassNotFoundException': org/springframework/web/multipart/support/StandardServletMultipartResolverCustomizer> (0x00000000e0ce3db0) thrown at [C:\jenkins\workspace\8-2-build-windows-amd64-cygwin\jdk8u321\2141\hotspot\src\share\vm\c
Event: 27.388 Thread 0x000001828bd08800 Exception <a 'java/lang/ClassNotFoundException': org/springframework/web/multipart/MultipartResolverCustomizer> (0x00000000e0d10fb8) thrown at [C:\jenkins\workspace\8-2-build-windows-amd64-cygwin\jdk8u321\2141\hotspot\src\share\vm\classfile\systemDictiona
Event: 27.390 Thread 0x000001828bd08800 Exception <a 'java/lang/ClassNotFoundException': java/lang/ObjectCustomizer> (0x00000000e0d2e440) thrown at [C:\jenkins\workspace\8-2-build-windows-amd64-cygwin\jdk8u321\2141\hotspot\src\share\vm\classfile\systemDictionary.cpp, line 212]
Event: 27.391 Thread 0x000001828bd08800 Exception <a 'java/lang/ClassNotFoundException': org/springframework/boot/autoconfigure/websocket/servlet/WebSocketMessagingAutoConfigurationCustomizer> (0x00000000e0d6c520) thrown at [C:\jenkins\workspace\8-2-build-windows-amd64-cygwin\jdk8u321\2141\hots
Event: 27.392 Thread 0x000001828bd08800 Exception <a 'java/lang/ClassNotFoundException': org/springframework/boot/autoconfigure/websocket/servlet/WebSocketMessagingAutoConfiguration$$EnhancerBySpringCGLIB$$c69753d2Customizer> (0x00000000e0db7500) thrown at [C:\jenkins\workspace\8-2-build-window
Event: 27.393 Thread 0x000001828bd08800 Exception <a 'java/lang/ClassNotFoundException': org/springframework/context/annotation/ConfigurationClassEnhancer$EnhancedConfigurationCustomizer> (0x00000000e0df5908) thrown at [C:\jenkins\workspace\8-2-build-windows-amd64-cygwin\jdk8u321\2141\hotspot\s
Event: 32.922 Thread 0x00000182a79d1800 Implicit null exception at 0x000001828eaecfff to 0x000001828eaed725

Events (10 events):
Event: 52.917 loading class org/sonatype/plexus/components/sec/dispatcher/DefaultSecDispatcher$__sisu22
Event: 52.917 loading class org/sonatype/plexus/components/sec/dispatcher/DefaultSecDispatcher$__sisu22 done
Event: 52.918 loading class org/apache/maven/lifecycle/mapping/DefaultLifecycleMapping$__sisu5
Event: 52.918 loading class org/apache/maven/lifecycle/mapping/DefaultLifecycleMapping$__sisu5 done
Event: 52.919 loading class org/apache/maven/artifact/handler/DefaultArtifactHandler$__sisu21
Event: 52.919 loading class org/apache/maven/artifact/handler/DefaultArtifactHandler$__sisu21 done
Event: 52.920 loading class org/apache/maven/artifact/handler/DefaultArtifactHandler$__sisu14
Event: 52.920 loading class org/apache/maven/artifact/handler/DefaultArtifactHandler$__sisu14 done
Event: 52.921 loading class org/apache/maven/artifact/handler/DefaultArtifactHandler$__sisu10
Event: 52.921 loading class org/apache/maven/artifact/handler/DefaultArtifactHandler$__sisu10 done


Dynamic libraries:
0x00007ff69c8a0000 - 0x00007ff69c8e7000 	C:\Program Files\Java\jre1.8.0_321\bin\javaw.exe
0x00007ffcbb590000 - 0x00007ffcbb787000 	C:\WINDOWS\SYSTEM32\ntdll.dll
0x00007ffcb95f0000 - 0x00007ffcb96ad000 	C:\WINDOWS\System32\KERNEL32.DLL
0x00007ffcb8cb0000 - 0x00007ffcb8f7d000 	C:\WINDOWS\System32\KERNELBASE.dll
0x00007ffcb9f90000 - 0x00007ffcba03e000 	C:\WINDOWS\System32\ADVAPI32.dll
0x00007ffcba040000 - 0x00007ffcba0de000 	C:\WINDOWS\System32\msvcrt.dll
0x00007ffcba810000 - 0x00007ffcba8ac000 	C:\WINDOWS\System32\sechost.dll
0x00007ffcba0e0000 - 0x00007ffcba205000 	C:\WINDOWS\System32\RPCRT4.dll
0x00007ffcba520000 - 0x00007ffcba6c0000 	C:\WINDOWS\System32\USER32.dll
0x00007ffcb90e0000 - 0x00007ffcb9102000 	C:\WINDOWS\System32\win32u.dll
0x00007ffcb96c0000 - 0x00007ffcb96ea000 	C:\WINDOWS\System32\GDI32.dll
0x00007ffcb91b0000 - 0x00007ffcb92bb000 	C:\WINDOWS\System32\gdi32full.dll
0x00007ffcb9110000 - 0x00007ffcb91ad000 	C:\WINDOWS\System32\msvcp_win.dll
0x00007ffcb9430000 - 0x00007ffcb9530000 	C:\WINDOWS\System32\ucrtbase.dll
0x00007ffca0320000 - 0x00007ffca05ba000 	C:\WINDOWS\WinSxS\amd64_microsoft.windows.common-controls_6595b64144ccf1df_6.0.19041.1110_none_60b5254171f9507e\COMCTL32.dll
0x00007ffcba8b0000 - 0x00007ffcba8e0000 	C:\WINDOWS\System32\IMM32.DLL
0x00007ffcb3130000 - 0x00007ffcb3145000 	C:\Program Files\Java\jre1.8.0_321\bin\vcruntime140.dll
0x00007ffc9c710000 - 0x00007ffc9c7ab000 	C:\Program Files\Java\jre1.8.0_321\bin\msvcp140.dll
0x0000000050340000 - 0x0000000050ba1000 	C:\Program Files\Java\jre1.8.0_321\bin\server\jvm.dll
0x00007ffcbb360000 - 0x00007ffcbb368000 	C:\WINDOWS\System32\PSAPI.DLL
0x00007ffca05c0000 - 0x00007ffca05c9000 	C:\WINDOWS\SYSTEM32\WSOCK32.dll
0x00007ffcba6c0000 - 0x00007ffcba72b000 	C:\WINDOWS\System32\WS2_32.dll
0x00007ffc98b60000 - 0x00007ffc98b87000 	C:\WINDOWS\SYSTEM32\WINMM.dll
0x00007ffc9fe00000 - 0x00007ffc9fe0a000 	C:\WINDOWS\SYSTEM32\VERSION.dll
0x00007ffcb6b90000 - 0x00007ffcb6ba2000 	C:\WINDOWS\SYSTEM32\kernel.appcore.dll
0x00007ffc8f740000 - 0x00007ffc8f750000 	C:\Program Files\Java\jre1.8.0_321\bin\verify.dll
0x00007ffc665d0000 - 0x00007ffc665fb000 	C:\Program Files\Java\jre1.8.0_321\bin\java.dll
0x00007ffc6dd20000 - 0x00007ffc6dd38000 	C:\Program Files\Java\jre1.8.0_321\bin\zip.dll
0x00007ffcb96f0000 - 0x00007ffcb9e34000 	C:\WINDOWS\System32\SHELL32.dll
0x00007ffcb6db0000 - 0x00007ffcb7544000 	C:\WINDOWS\SYSTEM32\windows.storage.dll
0x00007ffcbaee0000 - 0x00007ffcbb234000 	C:\WINDOWS\System32\combase.dll
0x00007ffcb8710000 - 0x00007ffcb873c000 	C:\WINDOWS\SYSTEM32\Wldp.dll
0x00007ffcbb370000 - 0x00007ffcbb41d000 	C:\WINDOWS\System32\SHCORE.dll
0x00007ffcbae80000 - 0x00007ffcbaed5000 	C:\WINDOWS\System32\shlwapi.dll
0x00007ffcb8bf0000 - 0x00007ffcb8c0f000 	C:\WINDOWS\SYSTEM32\profapi.dll
0x00007ffcb4b80000 - 0x00007ffcb4b8d000 	C:\Program Files\Java\jre1.8.0_321\bin\management.dll
0x00007ffc66500000 - 0x00007ffc6651c000 	C:\Program Files\Java\jre1.8.0_321\bin\net.dll
0x00007ffcb8400000 - 0x00007ffcb846a000 	C:\WINDOWS\system32\mswsock.dll
0x00007ffc8f6f0000 - 0x00007ffc8f707000 	C:\WINDOWS\system32\napinsp.dll
0x00007ffc8ddc0000 - 0x00007ffc8dddb000 	C:\WINDOWS\system32\pnrpnsp.dll
0x00007ffcb3bc0000 - 0x00007ffcb3bd5000 	C:\WINDOWS\system32\wshbth.dll
0x00007ffcb3c50000 - 0x00007ffcb3c6d000 	C:\WINDOWS\system32\NLAapi.dll
0x00007ffcb80f0000 - 0x00007ffcb812b000 	C:\WINDOWS\SYSTEM32\IPHLPAPI.DLL
0x00007ffcb8140000 - 0x00007ffcb820b000 	C:\WINDOWS\SYSTEM32\DNSAPI.dll
0x00007ffcb96b0000 - 0x00007ffcb96b8000 	C:\WINDOWS\System32\NSI.dll
0x00007ffc8dc70000 - 0x00007ffc8dc82000 	C:\WINDOWS\System32\winrnr.dll
0x00007ffcb16c0000 - 0x00007ffcb16ca000 	C:\Windows\System32\rasadhlp.dll
0x00007ffcafcd0000 - 0x00007ffcafd50000 	C:\WINDOWS\System32\fwpuclnt.dll
0x00007ffcb9530000 - 0x00007ffcb9557000 	C:\WINDOWS\System32\bcrypt.dll
0x00007ffc664e0000 - 0x00007ffc664f3000 	C:\Program Files\Java\jre1.8.0_321\bin\nio.dll
0x00007ffcb85f0000 - 0x00007ffcb8608000 	C:\WINDOWS\SYSTEM32\CRYPTSP.dll
0x00007ffcb7d20000 - 0x00007ffcb7d54000 	C:\WINDOWS\system32\rsaenh.dll
0x00007ffcb8b70000 - 0x00007ffcb8b9e000 	C:\WINDOWS\SYSTEM32\USERENV.dll
0x00007ffcb9560000 - 0x00007ffcb95e2000 	C:\WINDOWS\System32\bcryptprimitives.dll
0x00007ffcb8610000 - 0x00007ffcb861c000 	C:\WINDOWS\SYSTEM32\CRYPTBASE.dll
0x00007ffcb0f70000 - 0x00007ffcb0f87000 	C:\WINDOWS\SYSTEM32\dhcpcsvc6.DLL
0x00007ffcb0f50000 - 0x00007ffcb0f6d000 	C:\WINDOWS\SYSTEM32\dhcpcsvc.DLL
0x00007ffc826a0000 - 0x00007ffc826c4000 	C:\Program Files\Java\jre1.8.0_321\bin\sunec.dll
0x00007ffcb3670000 - 0x00007ffcb3854000 	C:\WINDOWS\SYSTEM32\dbghelp.dll

VM Arguments:
jvm_args: -Dfile.encoding=UTF-8 
java_command: sbnz.integracija.example.SampleApp
java_class_path (initial): C:\Users\Tatjana Gavriloviæ\Documents\SIIT4.2\SBNZ2\repo\DreamHair\drools-spring-app\target\classes;C:\Users\Tatjana Gavriloviæ\Documents\SIIT4.2\SBNZ2\repo\DreamHair\drools-spring-kjar\target\drools-spring-kjar-0.0.1-SNAPSHOT.jar;C:\Users\Tatjana Gavriloviæ\.m2\repository\org\springframework\boot\spring-boot-starter-web\2.0.5.RELEASE\spring-boot-starter-web-2.0.5.RELEASE.jar;C:\Users\Tatjana Gavriloviæ\.m2\repository\org\springframework\boot\spring-boot-starter\2.0.5.RELEASE\spring-boot-starter-2.0.5.RELEASE.jar;C:\Users\Tatjana Gavriloviæ\.m2\repository\org\springframework\boot\spring-boot\2.0.5.RELEASE\spring-boot-2.0.5.RELEASE.jar;C:\Users\Tatjana Gavriloviæ\.m2\repository\org\springframework\boot\spring-boot-autoconfigure\2.0.5.RELEASE\spring-boot-autoconfigure-2.0.5.RELEASE.jar;C:\Users\Tatjana Gavriloviæ\.m2\repository\org\springframework\boot\spring-boot-starter-logging\2.0.5.RELEASE\spring-boot-starter-logging-2.0.5.RELEASE.jar;C:\Users\Tatjana Gavriloviæ\.m2\repository\ch\qos\logback\logback-classic\1.2.3\logback-classic-1.2.3.jar;C:\Users\Tatjana Gavriloviæ\.m2\repository\ch\qos\logback\logback-core\1.2.3\logback-core-1.2.3.jar;C:\Users\Tatjana Gavriloviæ\.m2\repository\org\apache\logging\log4j\log4j-to-slf4j\2.10.0\log4j-to-slf4j-2.10.0.jar;C:\Users\Tatjana Gavriloviæ\.m2\repository\org\apache\logging\log4j\log4j-api\2.10.0\log4j-api-2.10.0.jar;C:\Users\Tatjana Gavriloviæ\.m2\repository\org\slf4j\jul-to-slf4j\1.7.25\jul-to-slf4j-1.7.25.jar;C:\Users\Tatjana Gavriloviæ\.m2\repository\javax\annotation\javax.annotation-api\1.3.2\javax.annotation-api-1.3.2.jar;C:\Users\Tatjana Gavriloviæ\.m2\repository\org\yaml\snakeyaml\1.19\snakeyaml-1.19.jar;C:\Users\Tatjana Gavriloviæ\.m2\repository\org\springframework\boot\spring-boot-starter-json\2.0.5.RELEASE\spring-boot-starter-json-2.0.5.RELEASE.jar;C:\Users\Tatjana Gavriloviæ\.m2\repository\com\fasterxml\jackson\datatype\jackson-datatype-jdk8\2.9.6\jackson-datatype-jdk8-2.9.6.jar;C:\User
Launcher Type: SUN_STANDARD

Environment Variables:
JAVA_HOME=C:\Program Files\Java\jdk1.8.0_321
JRE_HOME=C:\Program Files\Java\jre1.8.0_321
PATH=C:/Program Files/Java/jre1.8.0_321/bin/server;C:/Program Files/Java/jre1.8.0_321/bin;C:/Program Files/Java/jre1.8.0_321/lib/amd64;C:\Program Files\Common Files\Oracle\Java\javapath;C:\Program Files\Python39\Scripts\;C:\Program Files\Python39\;C:\Program Files (x86)\VMware\VMware Player\bin\;C:\WINDOWS\system32;C:\WINDOWS;C:\WINDOWS\System32\Wbem;C:\WINDOWS\System32\WindowsPowerShell\v1.0\;C:\WINDOWS\System32\OpenSSH\;C:\Program Files\dotnet\;C:\Program Files\Git\cmd;C:\Program Files\Java\jdk-17;C:\Program Files (x86)\Calibre2\;C:\Program Files\nodejs\;C:\Program Files\Python39\Scripts\;C:\Program Files\Python39\;C:\Users\Tatjana Gavriloviæ\AppData\Local\Microsoft\WindowsApps;C:\Program Files\JetBrains\PyCharm Community Edition 2021.2.3\bin;;C:\Users\Tatjana Gavriloviæ\.dotnet\tools;C:\Users\Tatjana Gavriloviæ\AppData\Local\Programs\Microsoft VS Code\bin;C:\Users\Tatjana Gavriloviæ\AppData\Roaming\npm;C:\Users\Tatjana Gavriloviæ\Documents\SIIT4.2\SBNZ2\eclipse2019\eclipse;
USERNAME=Tatjana Gavriloviæ
OS=Windows_NT
PROCESSOR_IDENTIFIER=Intel64 Family 6 Model 142 Stepping 9, GenuineIntel



---------------  S Y S T E M  ---------------

OS: Windows 10 , 64 bit Build 19041 (10.0.19041.1741)

CPU:total 4 (initial active 4) (2 cores per cpu, 2 threads per core) family 6 model 142 stepping 9, cmov, cx8, fxsr, mmx, sse, sse2, sse3, ssse3, sse4.1, sse4.2, popcnt, avx, avx2, aes, clmul, erms, rtm, 3dnowpref, lzcnt, ht, tsc, tscinvbit, bmi1, bmi2, adx

Memory: 4k page, physical 8303624k(564308k free), swap 33469448k(440k free)

vm_info: Java HotSpot(TM) 64-Bit Server VM (25.321-b07) for windows-amd64 JRE (1.8.0_321-b07), built on Dec 15 2021 11:19:20 by "java_re" with MS VC++ 15.9 (VS2017)

time: Fri Jun 24 14:11:36 2022
timezone: Central European Daylight Time
elapsed time: 53.419211 seconds (0d 0h 0m 53s)

